[INFO ] 2025-11-13 12:19:27.111 [main] Log - I am in onStart method Test
[INFO ] 2025-11-13 12:19:46.053 [main] Log - I am in onFinish method Test
[INFO ] 2025-11-13 12:26:58.975 [main] Log - I am in onStart method Test
[INFO ] 2025-11-13 12:35:00.055 [main] Log - I am in onStart method Test
[INFO ] 2025-11-13 12:36:12.115 [main] Log - AdminLabAppointment_CreateWalkIn test is failed.
[INFO ] 2025-11-13 12:36:14.710 [main] Log - I am in onFinish method Test
[INFO ] 2025-11-13 12:41:01.054 [main] Log - I am in onStart method Test
[INFO ] 2025-11-13 12:43:16.236 [main] Log - AdminLabAppointment_CreateWalkIn test is failed.
[INFO ] 2025-11-13 12:43:18.990 [main] Log - I am in onFinish method Test
[INFO ] 2025-11-13 13:05:15.562 [main] Log - I am in onStart method Test
[INFO ] 2025-11-13 13:07:31.124 [main] Log - AdminLabAppointment_CreateWalkIn test is failed.
[INFO ] 2025-11-13 13:07:33.993 [main] Log - I am in onFinish method Test
[INFO ] 2025-11-13 13:10:29.776 [main] Log - I am in onStart method Test
[INFO ] 2025-11-13 13:13:10.309 [main] Log - I am in onStart method Test
[INFO ] 2025-11-13 13:17:29.235 [main] Log - I am in onStart method Test
[INFO ] 2025-11-13 13:22:10.266 [main] Log - I am in onStart method Test
[INFO ] 2025-11-13 13:25:11.803 [main] Log - I am in onStart method Test
[INFO ] 2025-11-13 13:28:10.861 [main] Log - I am in onStart method Test
[INFO ] 2025-11-13 13:38:32.319 [main] Log - I am in onStart method Test
[INFO ] 2025-11-13 13:41:17.463 [main] Log - I am in onStart method Test
[INFO ] 2025-11-13 13:45:58.123 [main] Log - I am in onStart method Test
[INFO ] 2025-11-13 13:54:08.155 [main] Log - AdminLabAppointment_CreateWalkIn test is succeed.
[INFO ] 2025-11-13 13:54:12.036 [main] Log - I am in onFinish method Test
[INFO ] 2025-11-13 13:58:07.143 [main] Log - I am in onStart method Test
[INFO ] 2025-11-13 14:00:10.244 [main] Log - AdminLabAppointment_CreateWalkIn test is succeed.
[INFO ] 2025-11-13 14:00:12.851 [main] Log - I am in onFinish method Test
[INFO ] 2025-11-13 14:28:05.215 [main] Log - I am in onStart method Test
[INFO ] 2025-11-13 14:32:03.454 [main] Log - I am in onStart method Test
[INFO ] 2025-11-13 14:34:39.755 [main] Log - AdminLabAppointment_CreateAppointment test is succeed.
[INFO ] 2025-11-13 14:34:42.786 [main] Log - I am in onFinish method Test
[INFO ] 2025-11-13 14:35:24.397 [main] Log - I am in onStart method Test
[INFO ] 2025-11-13 14:37:31.261 [main] Log - AdminLabAppointment_CreateAppointment test is failed.
[INFO ] 2025-11-13 14:37:33.893 [main] Log - I am in onFinish method Test
[INFO ] 2025-11-13 14:43:39.221 [main] Log - I am in onStart method Test
[INFO ] 2025-11-13 14:46:00.120 [main] Log - AdminLabAppointment_CreateAppointment test is succeed.
[INFO ] 2025-11-13 14:46:02.648 [main] Log - I am in onFinish method Test
[INFO ] 2025-11-13 14:46:33.036 [main] Log - I am in onStart method Test
[INFO ] 2025-11-13 14:48:23.167 [main] Log - AdminLabAppointment_CreateWalkIn test is failed.
[INFO ] 2025-11-13 14:48:56.219 [main] Log - AdminLabAppointment_CreateAppointment test is failed.
[INFO ] 2025-11-13 14:48:58.640 [main] Log - I am in onFinish method Test
[INFO ] 2025-11-13 14:49:40.368 [main] Log - I am in onStart method Test
[INFO ] 2025-11-13 14:51:51.505 [main] Log - AdminLabAppointment_CreateWalkIn test is succeed.
[INFO ] 2025-11-13 14:53:44.566 [main] Log - AdminLabAppointment_CreateAppointment test is succeed.
[INFO ] 2025-11-13 14:53:47.092 [main] Log - I am in onFinish method Test
