[INFO ] 2025-11-18 13:43:22.303 [main] Log - I am in onStart method Test
[INFO ] 2025-11-18 13:45:54.985 [main] Log - Admin_OrderWithPromotion_Pharmacy test is failed.
[INFO ] 2025-11-18 13:45:56.517 [main] Log - I am in onFinish method Test
[INFO ] 2025-11-18 13:46:39.544 [main] Log - I am in onStart method Test
[INFO ] 2025-11-18 13:48:43.197 [main] Log - Admin_OrderWithPromotion_Pharmacy test is failed.
[INFO ] 2025-11-18 13:48:45.495 [main] Log - I am in onFinish method Test
[INFO ] 2025-11-18 13:48:54.294 [main] Log - I am in onStart method Test
[INFO ] 2025-11-18 13:53:09.087 [main] Log - I am in onStart method Test
[INFO ] 2025-11-18 13:58:49.313 [main] Log - Admin_OrderWithPromotion_Pharmacy test is succeed.
[INFO ] 2025-11-18 13:58:52.349 [main] Log - I am in onFinish method Test
[INFO ] 2025-11-18 14:03:06.983 [main] Log - I am in onStart method Test
[INFO ] 2025-11-18 14:05:46.493 [main] Log - Admin_OrderWithPromotion_Pharmacy test is failed.
[INFO ] 2025-11-18 14:05:49.517 [main] Log - I am in onFinish method Test
[INFO ] 2025-11-18 14:06:03.293 [main] Log - I am in onStart method Test
[INFO ] 2025-11-18 14:08:43.028 [main] Log - Admin_OrderWithPromotion_Pharmacy test is failed.
[INFO ] 2025-11-18 14:08:44.522 [main] Log - I am in onFinish method Test
[INFO ] 2025-11-18 14:09:52.224 [main] Log - I am in onStart method Test
[INFO ] 2025-11-18 14:15:26.602 [main] Log - I am in onStart method Test
[INFO ] 2025-11-18 14:21:31.559 [main] Log - Admin_OrderWithPromotion_Pharmacy test is succeed.
[INFO ] 2025-11-18 14:21:34.362 [main] Log - I am in onFinish method Test
[INFO ] 2025-11-18 14:22:36.273 [main] Log - I am in onStart method Test
[INFO ] 2025-11-18 14:28:18.428 [main] Log - Admin_OrderWithPromotion_Pharmacy test is succeed.
[INFO ] 2025-11-18 14:28:21.290 [main] Log - I am in onFinish method Test
[INFO ] 2025-11-18 14:33:05.677 [main] Log - I am in onStart method Test
[INFO ] 2025-11-18 14:35:12.079 [main] Log - Admin_CreatePromotion_Pharmacy test is succeed.
[INFO ] 2025-11-18 14:35:14.601 [main] Log - I am in onFinish method Test
